<?xml version="1.0" encoding="UTF-8"?>
<testsuite name="CaesarCipherTest" tests="1" skipped="0" failures="0" errors="0" timestamp="2021-08-17T08:11:11" hostname="kepha-g1" time="0.045">
  <properties/>
  <testcase name="testEncodeWithKey13()" classname="CaesarCipherTest" time="0.045"/>
  <system-out><![CDATA[]]></system-out>
  <system-err><![CDATA[]]></system-err>
</testsuite>
